<?xml version="1.0" encoding="UTF-8"?>
<coverage generated="1626512878733" clover="3.2.0">
  <project timestamp="1626512878733" name="All files">
    <metrics statements="2" coveredstatements="2" conditionals="0" coveredconditionals="0" methods="0" coveredmethods="0" elements="2" coveredelements="2" complexity="0" loc="2" ncloc="2" packages="1" files="1" classes="1"/>
    <file name="Utils.ts" path="/Users/arm/Desktop/github/sample-unit-test-nodejs/src/app/Utils.ts">
      <metrics statements="2" coveredstatements="2" conditionals="0" coveredconditionals="0" methods="0" coveredmethods="0"/>
      <line num="1" count="1" type="stmt"/>
      <line num="4" count="1" type="stmt"/>
    </file>
  </project>
</coverage>
